0 info it worked if it ends with ok
1 verbose cli [ '/usr/local/bin/node', '/usr/local/bin/npm', 'run', 'bump' ]
2 info using npm@2.14.12
3 info using node@v4.2.4
4 verbose run-script [ 'prebump', 'bump', 'postbump' ]
5 info prebump reactlib@0.0.11
6 info bump reactlib@0.0.11
7 verbose unsafe-perm in lifecycle true
8 info reactlib@0.0.11 Failed to exec bump script
9 verbose stack Error: reactlib@0.0.11 bump: `npm version patch -m "Bumped to %s "`
9 verbose stack Exit status 1
9 verbose stack     at EventEmitter.<anonymous> (/usr/local/lib/node_modules/npm/lib/utils/lifecycle.js:214:16)
9 verbose stack     at emitTwo (events.js:87:13)
9 verbose stack     at EventEmitter.emit (events.js:172:7)
9 verbose stack     at ChildProcess.<anonymous> (/usr/local/lib/node_modules/npm/lib/utils/spawn.js:24:14)
9 verbose stack     at emitTwo (events.js:87:13)
9 verbose stack     at ChildProcess.emit (events.js:172:7)
9 verbose stack     at maybeClose (internal/child_process.js:818:16)
9 verbose stack     at Process.ChildProcess._handle.onexit (internal/child_process.js:211:5)
10 verbose pkgid reactlib@0.0.11
11 verbose cwd /Users/simonemulas/Code/reactlib
12 error Darwin 15.5.0
13 error argv "/usr/local/bin/node" "/usr/local/bin/npm" "run" "bump"
14 error node v4.2.4
15 error npm  v2.14.12
16 error code ELIFECYCLE
17 error reactlib@0.0.11 bump: `npm version patch -m "Bumped to %s "`
17 error Exit status 1
18 error Failed at the reactlib@0.0.11 bump script 'npm version patch -m "Bumped to %s "'.
18 error This is most likely a problem with the reactlib package,
18 error not with npm itself.
18 error Tell the author that this fails on your system:
18 error     npm version patch -m "Bumped to %s "
18 error You can get their info via:
18 error     npm owner ls reactlib
18 error There is likely additional logging output above.
19 verbose exit [ 1, true ]
